# JRE version: 7.0_21-b11
# Java VM: Java HotSpot(TM) 64-Bit Server VM (23.21-b01 mixed mode linux-amd64 compressed oops)
Heap
 PSYoungGen      total 393856K, used 137887K [0x00000000e1560000, 0x00000000f9f80000, 0x0000000100000000)
  eden space 385280K, 35% used [0x00000000e1560000,0x00000000e9aaaa88,0x00000000f8da0000)
  from space 8576K, 16% used [0x00000000f9720000,0x00000000f987d558,0x00000000f9f80000)
  to   space 9152K, 0% used [0x00000000f8da0000,0x00000000f8da0000,0x00000000f9690000)
 ParOldGen       total 62848K, used 12356K [0x00000000a4000000, 0x00000000a7d60000, 0x00000000e1560000)
  object space 62848K, 19% used [0x00000000a4000000,0x00000000a4c111e0,0x00000000a7d60000)
 PSPermGen       total 21248K, used 20986K [0x000000009ee00000, 0x00000000a02c0000, 0x00000000a4000000)
  object space 21248K, 98% used [0x000000009ee00000,0x00000000a027ea50,0x00000000a02c0000)
GC Heap History (10 events):
Event: 47.449 GC heap before
{Heap before GC invocations=10 (full 0):
 PSYoungGen      total 104576K, used 94048K [0x00000000e1560000, 0x00000000ebcf0000, 0x0000000100000000)
  eden space 94016K, 100% used [0x00000000e1560000,0x00000000e7130000,0x00000000e7130000)
  from space 10560K, 0% used [0x00000000e7130000,0x00000000e7138000,0x00000000e7b80000)
  to   space 10560K, 0% used [0x00000000eb2a0000,0x00000000eb2a0000,0x00000000ebcf0000)
 ParOldGen       total 62848K, used 12175K [0x00000000a4000000, 0x00000000a7d60000, 0x00000000e1560000)
  object space 62848K, 19% used [0x00000000a4000000,0x00000000a4be3fa0,0x00000000a7d60000)
 PSPermGen       total 21248K, used 18740K [0x000000009ee00000, 0x00000000a02c0000, 0x00000000a4000000)
  object space 21248K, 88% used [0x000000009ee00000,0x00000000a004d010,0x00000000a02c0000)
Event: 47.451 GC heap after
Heap after GC invocations=10 (full 0):
 PSYoungGen      total 160768K, used 128K [0x00000000e1560000, 0x00000000ebcb0000, 0x0000000100000000)
  eden space 150464K, 0% used [0x00000000e1560000,0x00000000e1560000,0x00000000ea850000)
  from space 10304K, 1% used [0x00000000eb2a0000,0x00000000eb2c0000,0x00000000ebcb0000)
  to   space 10432K, 0% used [0x00000000ea850000,0x00000000ea850000,0x00000000eb280000)
 ParOldGen       total 62848K, used 12175K [0x00000000a4000000, 0x00000000a7d60000, 0x00000000e1560000)
  object space 62848K, 19% used [0x00000000a4000000,0x00000000a4be3fa0,0x00000000a7d60000)
 PSPermGen       total 21248K, used 18740K [0x000000009ee00000, 0x00000000a02c0000, 0x00000000a4000000)
  object space 21248K, 88% used [0x000000009ee00000,0x00000000a004d010,0x00000000a02c0000)
}
Event: 47.912 GC heap before
{Heap before GC invocations=11 (full 0):
 PSYoungGen      total 160768K, used 150592K [0x00000000e1560000, 0x00000000ebcb0000, 0x0000000100000000)
  eden space 150464K, 100% used [0x00000000e1560000,0x00000000ea850000,0x00000000ea850000)
  from space 10304K, 1% used [0x00000000eb2a0000,0x00000000eb2c0000,0x00000000ebcb0000)
  to   space 10432K, 0% used [0x00000000ea850000,0x00000000ea850000,0x00000000eb280000)
 ParOldGen       total 62848K, used 12175K [0x00000000a4000000, 0x00000000a7d60000, 0x00000000e1560000)
  object space 62848K, 19% used [0x00000000a4000000,0x00000000a4be3fa0,0x00000000a7d60000)
 PSPermGen       total 21248K, used 18740K [0x000000009ee00000, 0x00000000a02c0000, 0x00000000a4000000)
  object space 21248K, 88% used [0x000000009ee00000,0x00000000a004d160,0x00000000a02c0000)
Event: 47.913 GC heap after
Heap after GC invocations=11 (full 0):
 PSYoungGen      total 160896K, used 32K [0x00000000e1560000, 0x00000000f14a0000, 0x0000000100000000)
  eden space 150464K, 0% used [0x00000000e1560000,0x00000000e1560000,0x00000000ea850000)
  from space 10432K, 0% used [0x00000000ea850000,0x00000000ea858000,0x00000000eb280000)
  to   space 10304K, 0% used [0x00000000f0a90000,0x00000000f0a90000,0x00000000f14a0000)
 ParOldGen       total 62848K, used 12199K [0x00000000a4000000, 0x00000000a7d60000, 0x00000000e1560000)
  object space 62848K, 19% used [0x00000000a4000000,0x00000000a4be9fa0,0x00000000a7d60000)
 PSPermGen       total 21248K, used 18740K [0x000000009ee00000, 0x00000000a02c0000, 0x00000000a4000000)
  object space 21248K, 88% used [0x000000009ee00000,0x00000000a004d160,0x00000000a02c0000)
}
Event: 48.374 GC heap before
{Heap before GC invocations=12 (full 0):
 PSYoungGen      total 160896K, used 150496K [0x00000000e1560000, 0x00000000f14a0000, 0x0000000100000000)
  eden space 150464K, 100% used [0x00000000e1560000,0x00000000ea850000,0x00000000ea850000)
  from space 10432K, 0% used [0x00000000ea850000,0x00000000ea858000,0x00000000eb280000)
  to   space 10304K, 0% used [0x00000000f0a90000,0x00000000f0a90000,0x00000000f14a0000)
 ParOldGen       total 62848K, used 12199K [0x00000000a4000000, 0x00000000a7d60000, 0x00000000e1560000)
  object space 62848K, 19% used [0x00000000a4000000,0x00000000a4be9fa0,0x00000000a7d60000)
 PSPermGen       total 21248K, used 18740K [0x000000009ee00000, 0x00000000a02c0000, 0x00000000a4000000)
  object space 21248K, 88% used [0x000000009ee00000,0x00000000a004d208,0x00000000a02c0000)
Event: 48.376 GC heap after
Heap after GC invocations=12 (full 0):
 PSYoungGen      total 250560K, used 96K [0x00000000e1560000, 0x00000000f1420000, 0x0000000100000000)
  eden space 240768K, 0% used [0x00000000e1560000,0x00000000e1560000,0x00000000f0080000)
  from space 9792K, 0% used [0x00000000f0a90000,0x00000000f0aa8000,0x00000000f1420000)
  to   space 10048K, 0% used [0x00000000f0080000,0x00000000f0080000,0x00000000f0a50000)
 ParOldGen       total 62848K, used 12199K [0x00000000a4000000, 0x00000000a7d60000, 0x00000000e1560000)
  object space 62848K, 19% used [0x00000000a4000000,0x00000000a4be9fa0,0x00000000a7d60000)
 PSPermGen       total 21248K, used 18740K [0x000000009ee00000, 0x00000000a02c0000, 0x00000000a4000000)
  object space 21248K, 88% used [0x000000009ee00000,0x00000000a004d208,0x00000000a02c0000)
}
Event: 49.309 GC heap before
{Heap before GC invocations=13 (full 0):
 PSYoungGen      total 250560K, used 240864K [0x00000000e1560000, 0x00000000f1420000, 0x0000000100000000)
  eden space 240768K, 100% used [0x00000000e1560000,0x00000000f0080000,0x00000000f0080000)
  from space 9792K, 0% used [0x00000000f0a90000,0x00000000f0aa8000,0x00000000f1420000)
  to   space 10048K, 0% used [0x00000000f0080000,0x00000000f0080000,0x00000000f0a50000)
 ParOldGen       total 62848K, used 12199K [0x00000000a4000000, 0x00000000a7d60000, 0x00000000e1560000)
  object space 62848K, 19% used [0x00000000a4000000,0x00000000a4be9fa0,0x00000000a7d60000)
 PSPermGen       total 21248K, used 19214K [0x000000009ee00000, 0x00000000a02c0000, 0x00000000a4000000)
  object space 21248K, 90% used [0x000000009ee00000,0x00000000a00c3a40,0x00000000a02c0000)
Event: 49.311 GC heap after
Heap after GC invocations=13 (full 0):
 PSYoungGen      total 250816K, used 281K [0x00000000e1560000, 0x00000000fa0a0000, 0x0000000100000000)
  eden space 240768K, 0% used [0x00000000e1560000,0x00000000e1560000,0x00000000f0080000)
  from space 10048K, 2% used [0x00000000f0080000,0x00000000f00c6660,0x00000000f0a50000)
  to   space 9728K, 0% used [0x00000000f9720000,0x00000000f9720000,0x00000000fa0a0000)
 ParOldGen       total 62848K, used 12199K [0x00000000a4000000, 0x00000000a7d60000, 0x00000000e1560000)
  object space 62848K, 19% used [0x00000000a4000000,0x00000000a4be9fa0,0x00000000a7d60000)
 PSPermGen       total 21248K, used 19214K [0x000000009ee00000, 0x00000000a02c0000, 0x00000000a4000000)
  object space 21248K, 90% used [0x000000009ee00000,0x00000000a00c3a40,0x00000000a02c0000)
}
Event: 51.745 GC heap before
{Heap before GC invocations=14 (full 0):
 PSYoungGen      total 250816K, used 241049K [0x00000000e1560000, 0x00000000fa0a0000, 0x0000000100000000)
  eden space 240768K, 100% used [0x00000000e1560000,0x00000000f0080000,0x00000000f0080000)
  from space 10048K, 2% used [0x00000000f0080000,0x00000000f00c6660,0x00000000f0a50000)
  to   space 9728K, 0% used [0x00000000f9720000,0x00000000f9720000,0x00000000fa0a0000)
 ParOldGen       total 62848K, used 12199K [0x00000000a4000000, 0x00000000a7d60000, 0x00000000e1560000)
  object space 62848K, 19% used [0x00000000a4000000,0x00000000a4be9fa0,0x00000000a7d60000)
 PSPermGen       total 21248K, used 19799K [0x000000009ee00000, 0x00000000a02c0000, 0x00000000a4000000)
  object space 21248K, 93% used [0x000000009ee00000,0x00000000a0155c48,0x00000000a02c0000)
Event: 51.764 GC heap after
Heap after GC invocations=14 (full 0):
 PSYoungGen      total 393856K, used 1397K [0x00000000e1560000, 0x00000000f9f80000, 0x0000000100000000)
  eden space 385280K, 0% used [0x00000000e1560000,0x00000000e1560000,0x00000000f8da0000)
  from space 8576K, 16% used [0x00000000f9720000,0x00000000f987d558,0x00000000f9f80000)
  to   space 9152K, 0% used [0x00000000f8da0000,0x00000000f8da0000,0x00000000f9690000)
 ParOldGen       total 62848K, used 12356K [0x00000000a4000000, 0x00000000a7d60000, 0x00000000e1560000)
  object space 62848K, 19% used [0x00000000a4000000,0x00000000a4c111e0,0x00000000a7d60000)
 PSPermGen       total 21248K, used 19799K [0x000000009ee00000, 0x00000000a02c0000, 0x00000000a4000000)
  object space 21248K, 93% used [0x000000009ee00000,0x00000000a0155c48,0x00000000a02c0000)
}

